[08/13/2022 09:08:21] Debug: Session id: 24f0ca42-8702-4ff4-8765-5ecf41dddf20
[08/13/2022 09:08:21] Debug: Code Processor information: Name :SnowConvert, Version: 7.11.70.0
[08/13/2022 09:08:22] Debug: Getting license
[08/13/2022 09:08:22] Debug: License information
	Status: Failed
	Message: No active license available.
[08/13/2022 09:08:22] Info: Starting to validate parameters
[08/13/2022 09:08:22] Info: Parameters to validate: 
	Execution mode: Conversion
	LICENSE_KEY: a3372138-b87e-4a08-b929-3b48b24c63f1
[08/13/2022 09:08:22] Info: Validation of parameters: Success
[08/13/2022 09:08:22] Debug: Getting code descriptor
[08/13/2022 09:08:22] Debug: Code descriptor information
	Units: 51
	Units type: LOC
	All file bytes: 2141
	All found extensions: .sql,.dml,.ddl,.bteq,.btq,.fl,.fload,.ml,.mload,.mld,.tp,.tpump,.tpt
[08/13/2022 09:08:22] Debug: Calculating fingerprint
[08/13/2022 09:08:22] Debug: Fingerprint information Fingerprint(size=2141,projects=1)
[08/13/2022 09:08:22] Info: Starting to try to validate online license for execution
[08/13/2022 09:08:24] Debug: Getting license
[08/13/2022 09:08:24] Debug: License information
	Status: Failed
	Message: No active license available.
[08/13/2022 09:08:24] Debug: Starting the execution of the controller
[08/13/2022 09:08:25] Debug: Executing the worker: SnowConvert
[08/13/2022 09:08:38] Debug: Finished executing the worker: SnowConvert
[08/13/2022 09:08:40] Info: Controller execution ended
